# JRE version: OpenJDK Runtime Environment (14.0.2+12) (build 14.0.2+12-46)
# Java VM: OpenJDK 64-Bit Server VM (14.0.2+12-46, mixed mode, tiered, compressed oops, g1 gc, windows-amd64)
Heap:
 garbage-first heap   total 793600K, used 475136K [0x00000000a2000000, 0x0000000100000000)
  region size 1024K, 155 young (158720K), 21 survivors (21504K)
 Metaspace       used 14692K, capacity 14999K, committed 15104K, reserved 1062912K
  class space    used 1389K, capacity 1485K, committed 1536K, reserved 1048576K
GC Heap History (20 events):
Event: 168.291 GC heap before
{Heap before GC invocations=132 (full 0):
 garbage-first heap   total 657408K, used 564145K [0x00000000a2000000, 0x0000000100000000)
  region size 1024K, 302 young (309248K), 26 survivors (26624K)
 Metaspace       used 14692K, capacity 14999K, committed 15104K, reserved 1062912K
  class space    used 1389K, capacity 1485K, committed 1536K, reserved 1048576K
}
Event: 169.038 GC heap after
{Heap after GC invocations=133 (full 0):
 garbage-first heap   total 657408K, used 291274K [0x00000000a2000000, 0x0000000100000000)
  region size 1024K, 26 young (26624K), 26 survivors (26624K)
 Metaspace       used 14692K, capacity 14999K, committed 15104K, reserved 1062912K
  class space    used 1389K, capacity 1485K, committed 1536K, reserved 1048576K
}
Event: 169.059 GC heap before
{Heap before GC invocations=133 (full 0):
 garbage-first heap   total 657408K, used 297418K [0x00000000a2000000, 0x0000000100000000)
  region size 1024K, 32 young (32768K), 26 survivors (26624K)
 Metaspace       used 14692K, capacity 14999K, committed 15104K, reserved 1062912K
  class space    used 1389K, capacity 1485K, committed 1536K, reserved 1048576K
}
Event: 169.111 GC heap after
{Heap after GC invocations=134 (full 0):
 garbage-first heap   total 657408K, used 292732K [0x00000000a2000000, 0x0000000100000000)
  region size 1024K, 2 young (2048K), 2 survivors (2048K)
 Metaspace       used 14692K, capacity 14999K, committed 15104K, reserved 1062912K
  class space    used 1389K, capacity 1485K, committed 1536K, reserved 1048576K
}
Event: 169.189 GC heap before
{Heap before GC invocations=134 (full 0):
 garbage-first heap   total 657408K, used 323452K [0x00000000a2000000, 0x0000000100000000)
  region size 1024K, 32 young (32768K), 2 survivors (2048K)
 Metaspace       used 14692K, capacity 14999K, committed 15104K, reserved 1062912K
  class space    used 1389K, capacity 1485K, committed 1536K, reserved 1048576K
}
Event: 169.192 GC heap after
{Heap after GC invocations=135 (full 0):
 garbage-first heap   total 657408K, used 292355K [0x00000000a2000000, 0x0000000100000000)
  region size 1024K, 2 young (2048K), 2 survivors (2048K)
 Metaspace       used 14692K, capacity 14999K, committed 15104K, reserved 1062912K
  class space    used 1389K, capacity 1485K, committed 1536K, reserved 1048576K
}
Event: 169.341 GC heap before
{Heap before GC invocations=135 (full 0):
 garbage-first heap   total 657408K, used 323075K [0x00000000a2000000, 0x0000000100000000)
  region size 1024K, 32 young (32768K), 2 survivors (2048K)
 Metaspace       used 14692K, capacity 14999K, committed 15104K, reserved 1062912K
  class space    used 1389K, capacity 1485K, committed 1536K, reserved 1048576K
}
Event: 169.344 GC heap after
{Heap after GC invocations=136 (full 0):
 garbage-first heap   total 657408K, used 292732K [0x00000000a2000000, 0x0000000100000000)
  region size 1024K, 2 young (2048K), 2 survivors (2048K)
 Metaspace       used 14692K, capacity 14999K, committed 15104K, reserved 1062912K
  class space    used 1389K, capacity 1485K, committed 1536K, reserved 1048576K
}
Event: 170.334 GC heap before
{Heap before GC invocations=136 (full 0):
 garbage-first heap   total 657408K, used 572284K [0x00000000a2000000, 0x0000000100000000)
  region size 1024K, 275 young (281600K), 2 survivors (2048K)
 Metaspace       used 14692K, capacity 14999K, committed 15104K, reserved 1062912K
  class space    used 1389K, capacity 1485K, committed 1536K, reserved 1048576K
}
Event: 170.347 GC heap after
{Heap after GC invocations=137 (full 0):
 garbage-first heap   total 657408K, used 300723K [0x00000000a2000000, 0x0000000100000000)
  region size 1024K, 10 young (10240K), 10 survivors (10240K)
 Metaspace       used 14692K, capacity 14999K, committed 15104K, reserved 1062912K
  class space    used 1389K, capacity 1485K, committed 1536K, reserved 1048576K
}
Event: 171.052 GC heap before
{Heap before GC invocations=137 (full 0):
 garbage-first heap   total 657408K, used 572083K [0x00000000a2000000, 0x0000000100000000)
  region size 1024K, 275 young (281600K), 10 survivors (10240K)
 Metaspace       used 14692K, capacity 14999K, committed 15104K, reserved 1062912K
  class space    used 1389K, capacity 1485K, committed 1536K, reserved 1048576K
}
Event: 171.073 GC heap after
{Heap after GC invocations=138 (full 0):
 garbage-first heap   total 657408K, used 308892K [0x00000000a2000000, 0x0000000100000000)
  region size 1024K, 18 young (18432K), 18 survivors (18432K)
 Metaspace       used 14692K, capacity 14999K, committed 15104K, reserved 1062912K
  class space    used 1389K, capacity 1485K, committed 1536K, reserved 1048576K
}
Event: 171.764 GC heap before
{Heap before GC invocations=138 (full 0):
 garbage-first heap   total 657408K, used 572060K [0x00000000a2000000, 0x0000000100000000)
  region size 1024K, 275 young (281600K), 18 survivors (18432K)
 Metaspace       used 14692K, capacity 14999K, committed 15104K, reserved 1062912K
  class space    used 1389K, capacity 1485K, committed 1536K, reserved 1048576K
}
Event: 171.792 GC heap after
{Heap after GC invocations=139 (full 0):
 garbage-first heap   total 657408K, used 317308K [0x00000000a2000000, 0x0000000100000000)
  region size 1024K, 26 young (26624K), 26 survivors (26624K)
 Metaspace       used 14692K, capacity 14999K, committed 15104K, reserved 1062912K
  class space    used 1389K, capacity 1485K, committed 1536K, reserved 1048576K
}
Event: 172.455 GC heap before
{Heap before GC invocations=139 (full 0):
 garbage-first heap   total 657408K, used 564092K [0x00000000a2000000, 0x0000000100000000)
  region size 1024K, 267 young (273408K), 26 survivors (26624K)
 Metaspace       used 14692K, capacity 14999K, committed 15104K, reserved 1062912K
  class space    used 1389K, capacity 1485K, committed 1536K, reserved 1048576K
}
Event: 172.490 GC heap after
{Heap after GC invocations=140 (full 0):
 garbage-first heap   total 657408K, used 324531K [0x00000000a2000000, 0x0000000100000000)
  region size 1024K, 23 young (23552K), 23 survivors (23552K)
 Metaspace       used 14692K, capacity 14999K, committed 15104K, reserved 1062912K
  class space    used 1389K, capacity 1485K, committed 1536K, reserved 1048576K
}
Event: 173.976 GC heap before
{Heap before GC invocations=140 (full 0):
 garbage-first heap   total 657408K, used 567219K [0x00000000a2000000, 0x0000000100000000)
  region size 1024K, 260 young (266240K), 23 survivors (23552K)
 Metaspace       used 14692K, capacity 14999K, committed 15104K, reserved 1062912K
  class space    used 1389K, capacity 1485K, committed 1536K, reserved 1048576K
}
Event: 174.595 GC heap after
{Heap after GC invocations=141 (full 0):
 garbage-first heap   total 657408K, used 331264K [0x00000000a2000000, 0x0000000100000000)
  region size 1024K, 22 young (22528K), 22 survivors (22528K)
 Metaspace       used 14692K, capacity 14999K, committed 15104K, reserved 1062912K
  class space    used 1389K, capacity 1485K, committed 1536K, reserved 1048576K
}
Event: 175.450 GC heap before
{Heap before GC invocations=141 (full 0):
 garbage-first heap   total 657408K, used 567808K [0x00000000a2000000, 0x0000000100000000)
  region size 1024K, 253 young (259072K), 22 survivors (22528K)
 Metaspace       used 14692K, capacity 14999K, committed 15104K, reserved 1062912K
  class space    used 1389K, capacity 1485K, committed 1536K, reserved 1048576K
}
Event: 175.481 GC heap after
{Heap after GC invocations=142 (full 0):
 garbage-first heap   total 657408K, used 338944K [0x00000000a2000000, 0x0000000100000000)
  region size 1024K, 21 young (21504K), 21 survivors (21504K)
 Metaspace       used 14692K, capacity 14999K, committed 15104K, reserved 1062912K
  class space    used 1389K, capacity 1485K, committed 1536K, reserved 1048576K
}

